Username:  rollers
Date:      Wed Feb 28 11:19:06 EST 2018
 
*********************
* Compiling ./box.c *
*********************
**************************
* Compilation succeeded! *
**************************
*******************
* Running ./box 4 *
*******************
****
*  *
*  *
****
***************************
* Run is finished.        *
* Check your output!      *
***************************
Press enter to continue. 
*********************
* Compiling ./box.c *
*********************
**************************
* Compilation succeeded! *
**************************
*******************
* Running ./box 8 *
*******************
********
*      *
*      *
*      *
*      *
*      *
*      *
********
***************************
* Run is finished.        *
* Check your output!      *
***************************
Press enter to continue. 
