Username:  rollers
Date:      Tue Feb 13 15:35:15 EST 2018
 
Yjgp"{qw"eqog"vq"c"hqtm"kp"vjg"tqcf."vcmg"kv0

Dcugdcnn"ku"pkpgv{"rgtegpv"ogpvcn0"Vjg"qvjgt"jcnh"
ku"rj{ukecn0

Kp"vjgqt{"vjgtg"ku"pq"fkhhgtgpeg"dgvyggp"vjgqt{"
cpf"rtcevkeg0"Kp"rtcevkeg"vjgtg"ku0

K"cnyc{u"vjqwijv"vjg"tgeqtf"yqwnf"uvcpf"wpvkn"kv"
ycu"dtqmgp0

Yg"ocfg"vqq"ocp{"ytqpi"okuvcmgu0

K"pgxgt"uckf"jcnh"vjg"vjkpiu"K"uckf0

				[qik"Dgttc
"54"""""66"."""78":"""8:"""F""":2"R""";4"]""326"j""338"""v
"55"#"""67"/"""79";"""8;"""G""":3"S""";5"_""327"k""339"""w
"56"$"""68"0"""7:"<"""92"""H""":4"T""";6"`""328"l""33:"""x
"57"%"""69"1"""7;"="""93"""I""":5"U""";7"a""329"m""33;"""y
"58"&"""6:"2"""82">"""94"""J""":6"V""";8"b""32:"n""342"""z
"59"'"""6;"3"""83"?"""95"""K""":7"W""";9"c""32;"o""343"""{
"5:"("""72"4"""84"@"""96"""L""":8"X""";:"d""332"p""344"""|
"5;")"""73"5"""85"A"""97"""M""":9"Y""";;"e""333"q""345"""}
"62"*"""74"6"""86"B"""98"""N"""::"Z""322"f""334"r""346"""~
"63"+"""75"7"""87"C"""99"""O""":;"[""323"g""335"s""347""" 
"64","""76"8"""88"D"""9:"""P""";2"\""324"h""336"t""348"""!
"65"-"""77"9"""89"E"""9;"""Q""";3"]""325"i""337"u
