Username:  rollers
Date:      Tue Feb 27 22:21:50 EST 2018
 
**************************
* Compiling ./divisors.c *
**************************
**************************
* Compilation succeeded! *
**************************
*************************
* Running ./divisors 12 *
*************************
1
2
3
4
6
12
***************************
* Run is finished.        *
* Check your output!      *
***************************
Press enter to continue. 
**************************
* Compiling ./divisors.c *
**************************
**************************
* Compilation succeeded! *
**************************
*************************
* Running ./divisors 60 *
*************************
1
2
3
4
5
6
10
12
15
20
30
60
***************************
* Run is finished.        *
* Check your output!      *
***************************
Press enter to continue. 
