Username:  rollers
Date:      Tue Feb 13 15:19:33 EST 2018
 
Vgdm~xnt~bnld~sn~`~enqj~hm~sgd~qn`c+~s`jd~hs-

A`rda`kk~hr~mhmdsx~odqbdms~ldms`k-~Sgd~nsgdq~g`ke~
hr~ogxrhb`k-

Hm~sgdnqx~sgdqd~hr~mn~cheedqdmbd~adsvddm~sgdnqx~
`mc~oq`bshbd-~Hm~oq`bshbd~sgdqd~hr-

H~`kv`xr~sgntfgs~sgd~qdbnqc~vntkc~rs`mc~tmshk~hs~
v`r~aqnjdm-

Vd~l`cd~snn~l`mx~vqnmf~lhrs`jdr-

H~mdudq~r`hc~g`ke~sgd~sghmfr~H~r`hc-

				Xnfh~Adqq`
~21~~~~~33~+~~~45~7~~~57~~~C~~~7/~O~~~81~[~~0/3~g~~005~~~s
~22~ ~~~34~,~~~46~8~~~58~~~D~~~70~P~~~82~]~~0/4~h~~006~~~t
~23~!~~~35~-~~~47~9~~~6/~~~E~~~71~Q~~~83~]~~0/5~i~~007~~~u
~24~"~~~36~.~~~48~:~~~60~~~F~~~72~R~~~84~^~~0/6~j~~008~~~v
~25~#~~~37~/~~~5/~;~~~61~~~G~~~73~S~~~85~_~~0/7~k~~01/~~~w
~26~$~~~38~0~~~50~<~~~62~~~H~~~74~T~~~86~`~~0/8~l~~010~~~x
~27~%~~~4/~1~~~51~=~~~63~~~I~~~75~U~~~87~a~~00/~m~~011~~~y
~28~&~~~40~2~~~52~>~~~64~~~J~~~76~V~~~88~b~~000~n~~012~~~z
~3/~'~~~41~3~~~53~?~~~65~~~K~~~77~W~~0//~c~~001~o~~013~~~{
~30~(~~~42~4~~~54~@~~~66~~~L~~~78~X~~0/0~d~~002~p~~014~~~|
~31~)~~~43~5~~~55~A~~~67~~~M~~~8/~Y~~0/1~e~~003~q~~015~~~}
~32~*~~~44~6~~~56~B~~~68~~~N~~~80~Z~~0/2~f~~004~r
