Username:  rollers
Date:      Thu Apr 26 14:47:09 EDT 2018
 
************************
* Compiling ./factor.c *
************************
**************************
* Compilation succeeded! *
**************************
*************************
* Running ./factor 1000 *
*************************
2^3 5^3 
***************************
* Run is finished.        *
* Check your output!      *
***************************
Press enter to continue. 
************************
* Compiling ./factor.c *
************************
**************************
* Compilation succeeded! *
**************************
****************************
* Running ./factor 6401000 *
****************************
2^3 5^3 37^1 173^1 
***************************
* Run is finished.        *
* Check your output!      *
***************************
Press enter to continue. 
************************
* Compiling ./factor.c *
************************
**************************
* Compilation succeeded! *
**************************
******************************
* Running ./factor 999999739 *
******************************
999999739
***************************
* Run is finished.        *
* Check your output!      *
***************************
Press enter to continue. 
************************
* Compiling ./factor.c *
************************
**************************
* Compilation succeeded! *
**************************
**********************************
* Running ./factor 6399998329601 *
**********************************
6151^1 1040480951
***************************
* Run is finished.        *
* Check your output!      *
***************************
Press enter to continue. 
************************
* Compiling ./factor.c *
************************
**************************
* Compilation succeeded! *
**************************
***********************************
* Running ./factor 99998020009801 *
***********************************
9999901^2 
***************************
* Run is finished.        *
* Check your output!      *
***************************
Press enter to continue. 
