Username:  rollers
Date:      Wed Mar 28 11:33:40 EDT 2018
 
**********************
* Compiling ./fib1.c *
**********************
**************************
* Compilation succeeded! *
**************************
********************
* Running ./fib1 5 *
********************
0
1
1
2
3
***************************
* Run is finished.        *
* Check your output!      *
***************************
Press enter to continue. 
**********************
* Compiling ./fib1.c *
**********************
**************************
* Compilation succeeded! *
**************************
*********************
* Running ./fib1 30 *
*********************
0
1
1
2
3
5
8
13
21
34
55
89
144
233
377
610
987
1597
2584
4181
6765
10946
17711
28657
46368
75025
121393
196418
317811
514229
***************************
* Run is finished.        *
* Check your output!      *
***************************
Press enter to continue. 
**********************
* Compiling ./fib1.c *
**********************
**************************
* Compilation succeeded! *
**************************
******************
* Running ./fib1 *
******************
Usage: ./fib1: (null): Success
***************************
* Run is finished.        *
* Check your output!      *
***************************
Press enter to continue. 
