Username:  rollers
Date:      Fri Apr 13 13:59:59 EDT 2018
 
**************************
* Compiling ./filetree.c *
**************************
**************************
* Compilation succeeded! *
**************************
******************************************************
* Running ./filetree /home/mathcs/courses/cs246/tree *
******************************************************
/home/mathcs/courses/cs246/tree
|- epsilon
    |- three
        |- a
            |- 1
    |- four
    |- two
    |- one
|- delta
|- alpha
    |- three
    |- four
    |- two
    |- one
|- gamma
|- beta
***************************
* Run is finished.        *
* Check your output!      *
***************************
Press enter to continue. 
**************************
* Compiling ./filetree.c *
**************************
**************************
* Compilation succeeded! *
**************************
**********************
* Running ./filetree *
**********************
Usage: ./filetree directory
***************************
* Run is finished.        *
* Check your output!      *
***************************
Press enter to continue. 
**************************
* Compiling ./filetree.c *
**************************
**************************
* Compilation succeeded! *
**************************
****************************
* Running ./filetree /root *
****************************
/root: Permission denied
/root
***************************
* Run is finished.        *
* Check your output!      *
***************************
Press enter to continue. 
