Username:  rollers
Date:      Fri May 4 10:21:00 EDT 2018
 
******************************
* Compiling ./palindromes2.c *
******************************
**************************
* Compilation succeeded! *
**************************
*******************************
* Running ./palindromes2 1000 *
*******************************
0: 0
1: 1
2: 4
3: 9
11: 121
22: 484
26: 676
101: 10201
111: 12321
121: 14641
202: 40804
212: 44944
264: 69696
307: 94249
836: 698896
***************************
* Run is finished.        *
* Check your output!      *
***************************
Press enter to continue. 
******************************
* Compiling ./palindromes2.c *
******************************
**************************
* Compilation succeeded! *
**************************
**********************************
* Running ./palindromes2 1000000 *
**********************************
0: 0
1: 1
2: 4
3: 9
11: 121
22: 484
26: 676
101: 10201
111: 12321
121: 14641
202: 40804
212: 44944
264: 69696
307: 94249
836: 698896
1001: 1002001
1111: 1234321
2002: 4008004
2285: 5221225
2636: 6948496
10001: 100020001
10101: 102030201
10201: 104060401
11011: 121242121
11111: 123454321
11211: 125686521
20002: 400080004
20102: 404090404
22865: 522808225
24846: 617323716
30693: 942060249
100001: 10000200001
101101: 10221412201
110011: 12102420121
111111: 12345654321
200002: 40000800004
798644: 637832238736
***************************
* Run is finished.        *
* Check your output!      *
***************************
Press enter to continue. 
******************************
* Compiling ./palindromes2.c *
******************************
**************************
* Compilation succeeded! *
**************************
**************************
* Running ./palindromes2 *
**************************
Usage Error: Need 1 command line argument.
***************************
* Run is finished.        *
* Check your output!      *
***************************
Press enter to continue. 
