Username:  rollers
Date:      Sun Mar 18 19:16:39 EDT 2018
 
************************
* Compiling ./powers.c *
************************
**************************
* Compilation succeeded! *
**************************
*************************
* Running ./powers 2 10 *
*************************
Powers of 2

     1 2
     2 4
     3 8
     4 16
     5 32
     6 64
     7 128
     8 256
     9 512
    10 1024
***************************
* Run is finished.        *
* Check your output!      *
***************************
Press enter to continue. 
************************
* Compiling ./powers.c *
************************
**************************
* Compilation succeeded! *
**************************
*************************
* Running ./powers 3 20 *
*************************
Powers of 3

     1 3
     2 9
     3 27
     4 81
     5 243
     6 729
     7 2187
     8 6561
     9 19683
    10 59049
    11 177147
    12 531441
    13 1594323
    14 4782969
    15 14348907
    16 43046721
    17 129140163
    18 387420489
    19 1162261467
    20 3486784401
***************************
* Run is finished.        *
* Check your output!      *
***************************
Press enter to continue. 
************************
* Compiling ./powers.c *
************************
**************************
* Compilation succeeded! *
**************************
*************************
* Running ./powers 17 8 *
*************************
Powers of 17

     1 17
     2 289
     3 4913
     4 83521
     5 1419857
     6 24137569
     7 410338673
     8 6975757441
***************************
* Run is finished.        *
* Check your output!      *
***************************
Press enter to continue. 
************************
* Compiling ./powers.c *
************************
**************************
* Compilation succeeded! *
**************************
********************
* Running ./powers *
********************
Usage message error: need 2 arguments
***************************
* Run is finished.        *
* Check your output!      *
***************************
Press enter to continue. 
