Username:  rollers
Date:      Wed Mar 21 12:55:42 EDT 2018
 
***********************
* Compiling ./stats.c *
***********************
**************************
* Compilation succeeded! *
**************************
************************************************************
* Running ./stats < /home/mathcs/courses/cs246/stats1.data *
************************************************************

count:                                          4
min:                                   1.00000000
max:                                   7.60000000
sum:                                  14.30000000
median:                                2.85000000
mean:                                  3.57500000
variance:                              6.03187500
stddev:                                2.45598758
***************************
* Run is finished.        *
* Check your output!      *
***************************
Press enter to continue. 
***********************
* Compiling ./stats.c *
***********************
**************************
* Compilation succeeded! *
**************************
************************************************************
* Running ./stats < /home/mathcs/courses/cs246/stats2.data *
************************************************************

count:                                    1000000
min:                                   0.00039600
max:                                 999.99998700
sum:                           500022327.16306412
median:                              499.66014100
mean:                                500.02232716
variance:                          83300.37432701
stddev:                              288.61804228
***************************
* Run is finished.        *
* Check your output!      *
***************************
Press enter to continue. 
***********************
* Compiling ./stats.c *
***********************
**************************
* Compilation succeeded! *
**************************
************************************************************
* Running ./stats < /home/mathcs/courses/cs246/stats3.data *
************************************************************

count:                                          5
min:                         -2000000000.00000000
max:                         50000000000.00000000
sum:                         47200000000.00000000
median:                        100000000.00000000
mean:                         9440000000.00000000
variance:          411890400000000000000.00000000
stddev:                      20295083148.38842773
***************************
* Run is finished.        *
* Check your output!      *
***************************
Press enter to continue. 
