Username:  rollers
Date:      Mon Mar 19 10:16:38 EDT 2018
 
***************************
* Compiling ./triangle2.c *
***************************
**************************
* Compilation succeeded! *
**************************
***************************
* Running ./triangle2 1 5 *
***************************
*
**
* *
*  *
*****
***************************
* Run is finished.        *
* Check your output!      *
***************************
Press enter to continue. 
***************************
* Compiling ./triangle2.c *
***************************
**************************
* Compilation succeeded! *
**************************
***************************
* Running ./triangle2 2 4 *
***************************
   *
  **
 * *
****
***************************
* Run is finished.        *
* Check your output!      *
***************************
Press enter to continue. 
***************************
* Compiling ./triangle2.c *
***************************
**************************
* Compilation succeeded! *
**************************
***************************
* Running ./triangle2 3 6 *
***************************
******
*   *
*  *
* *
**
*
***************************
* Run is finished.        *
* Check your output!      *
***************************
Press enter to continue. 
***************************
* Compiling ./triangle2.c *
***************************
**************************
* Compilation succeeded! *
**************************
***************************
* Running ./triangle2 4 3 *
***************************
***
 **
  *
***************************
* Run is finished.        *
* Check your output!      *
***************************
Press enter to continue. 
***************************
* Compiling ./triangle2.c *
***************************
**************************
* Compilation succeeded! *
**************************
***************************
* Running ./triangle2 1 1 *
***************************
*
***************************
* Run is finished.        *
* Check your output!      *
***************************
Press enter to continue. 
***************************
* Compiling ./triangle2.c *
***************************
**************************
* Compilation succeeded! *
**************************
***************************
* Running ./triangle2 2 0 *
***************************
***************************
* Run is finished.        *
* Check your output!      *
***************************
Press enter to continue. 
***************************
* Compiling ./triangle2.c *
***************************
**************************
* Compilation succeeded! *
**************************
****************************
* Running ./triangle2 3 12 *
****************************
************
*         *
*        *
*       *
*      *
*     *
*    *
*   *
*  *
* *
**
*
***************************
* Run is finished.        *
* Check your output!      *
***************************
Press enter to continue. 
***************************
* Compiling ./triangle2.c *
***************************
**************************
* Compilation succeeded! *
**************************
***************************
* Running ./triangle2 4 7 *
***************************
*******
 *    *
  *   *
   *  *
    * *
     **
      *
***************************
* Run is finished.        *
* Check your output!      *
***************************
Press enter to continue. 
***************************
* Compiling ./triangle2.c *
***************************
**************************
* Compilation succeeded! *
**************************
*************************
* Running ./triangle2 4 *
*************************
Usage message: You must have two arguments.
***************************
* Run is finished.        *
* Check your output!      *
***************************
Press enter to continue. 
